INFO: 2023-01-11 19:13:32,197: main() 'Using profile folder /home/jesse/.config/variety/'
INFO: 2023-01-11 19:13:32,200: perform_upgrade() 'Last run version was 0.8.9 or earlier, current version is 0.8.9'
INFO: 2023-01-11 19:13:32,302: process_command() 'Received command: []'
INFO: 2023-01-11 19:13:32,304: start() 'Using data_path /usr/share/variety'
INFO: 2023-01-11 19:13:32,304: load() 'Jumble loading'
INFO: 2023-01-11 19:13:32,304: _walk_modules() 'Jumble loading module in __init__ from /usr/lib/python3.10/site-packages/variety/plugins/builtin/__init__.py'
INFO: 2023-01-11 19:13:32,305: _walk_modules() 'Jumble loading module in RedditDownloader from /usr/lib/python3.10/site-packages/variety/plugins/builtin/downloaders/RedditDownloader.py'
INFO: 2023-01-11 19:13:32,306: _walk_modules() 'Jumble loading module in APODDownloader from /usr/lib/python3.10/site-packages/variety/plugins/builtin/downloaders/APODDownloader.py'
INFO: 2023-01-11 19:13:32,306: load() 'Jumble found plugin class: <class 'APODDownloader.APODDownloader'>: {'name': 'APODDownloader', 'description': 'NASA Astro Pic of the Day', 'author': 'Peter Levi', 'version': '0.1'}'
INFO: 2023-01-11 19:13:32,307: _walk_modules() 'Jumble loading module in MediaRSSDownloader from /usr/lib/python3.10/site-packages/variety/plugins/builtin/downloaders/MediaRSSDownloader.py'
INFO: 2023-01-11 19:13:32,307: _walk_modules() 'Jumble loading module in ArtStationSource from /usr/lib/python3.10/site-packages/variety/plugins/builtin/downloaders/ArtStationSource.py'
INFO: 2023-01-11 19:13:32,309: load() 'Jumble found plugin class: <class 'ArtStationSource.ArtStationSource'>: {'name': 'ArtStationSource', 'description': 'Configurable source for fetching images from ArtStation', 'author': 'Denis Gordeev', 'version': '0.1'}'
INFO: 2023-01-11 19:13:32,310: _walk_modules() 'Jumble loading module in WallhavenSource from /usr/lib/python3.10/site-packages/variety/plugins/builtin/downloaders/WallhavenSource.py'
INFO: 2023-01-11 19:13:32,311: load() 'Jumble found plugin class: <class 'WallhavenSource.WallhavenSource'>: {'name': 'WallhavenSource', 'description': 'Configurable source for fetching images from Wallhaven.cc', 'author': 'Peter Levi', 'version': '0.1'}'
INFO: 2023-01-11 19:13:32,311: _walk_modules() 'Jumble loading module in ArtStationDownloader from /usr/lib/python3.10/site-packages/variety/plugins/builtin/downloaders/ArtStationDownloader.py'
INFO: 2023-01-11 19:13:32,312: _walk_modules() 'Jumble loading module in EarthviewDownloader from /usr/lib/python3.10/site-packages/variety/plugins/builtin/downloaders/EarthviewDownloader.py'
INFO: 2023-01-11 19:13:32,312: load() 'Jumble found plugin class: <class 'EarthviewDownloader.EarthviewDownloader'>: {'name': 'EarthviewDownloader', 'description': 'Google Earth View Wallpapers', 'author': 'Peter Levi', 'version': '0.1'}'
INFO: 2023-01-11 19:13:32,312: _walk_modules() 'Jumble loading module in MediaRSSSource from /usr/lib/python3.10/site-packages/variety/plugins/builtin/downloaders/MediaRSSSource.py'
INFO: 2023-01-11 19:13:32,313: load() 'Jumble found plugin class: <class 'MediaRSSSource.MediaRSSSource'>: {'name': 'MediaRSSSource', 'description': 'Configurable source for fetching images from MediaRSS feeds', 'author': 'Peter Levi', 'version': '0.1'}'
INFO: 2023-01-11 19:13:32,313: _walk_modules() 'Jumble loading module in UnsplashConfigurableSource from /usr/lib/python3.10/site-packages/variety/plugins/builtin/downloaders/UnsplashConfigurableSource.py'
INFO: 2023-01-11 19:13:32,316: load() 'Jumble found plugin class: <class 'UnsplashConfigurableSource.UnsplashConfigurableSource'>: {'name': 'UnsplashConfigurableSource', 'description': 'Configurable source for fetching photos from Unsplash.com', 'author': 'Peter Levi', 'version': '0.1'}'
INFO: 2023-01-11 19:13:32,317: _walk_modules() 'Jumble loading module in NationalGeographicDownloader from /usr/lib/python3.10/site-packages/variety/plugins/builtin/downloaders/NationalGeographicDownloader.py'
INFO: 2023-01-11 19:13:32,317: load() 'Jumble found plugin class: <class 'NationalGeographicDownloader.NationalGeographicDownloader'>: {'name': 'NationalGeographicDownloader', 'description': "National Geographic's photo of the day", 'author': 'Eric Rösch', 'version': '0.1'}'
INFO: 2023-01-11 19:13:32,317: _walk_modules() 'Jumble loading module in __init__ from /usr/lib/python3.10/site-packages/variety/plugins/builtin/downloaders/__init__.py'
INFO: 2023-01-11 19:13:32,317: _walk_modules() 'Jumble loading module in WallhavenDownloader from /usr/lib/python3.10/site-packages/variety/plugins/builtin/downloaders/WallhavenDownloader.py'
INFO: 2023-01-11 19:13:32,318: _walk_modules() 'Jumble loading module in BingDownloader from /usr/lib/python3.10/site-packages/variety/plugins/builtin/downloaders/BingDownloader.py'
INFO: 2023-01-11 19:13:32,318: load() 'Jumble found plugin class: <class 'BingDownloader.BingDownloader'>: {'name': 'BingDownloader', 'description': 'Bing Photo of the Day', 'author': 'Peter Levi', 'version': '0.1'}'
INFO: 2023-01-11 19:13:32,318: _walk_modules() 'Jumble loading module in UnsplashDownloader from /usr/lib/python3.10/site-packages/variety/plugins/builtin/downloaders/UnsplashDownloader.py'
INFO: 2023-01-11 19:13:32,319: load() 'Jumble found plugin class: <class 'UnsplashDownloader.UnsplashDownloader'>: {'name': 'UnsplashDownloader', 'description': 'High-resolution photos from Unsplash.com', 'author': 'Peter Levi', 'version': '0.1'}'
INFO: 2023-01-11 19:13:32,319: _walk_modules() 'Jumble loading module in RedditSource from /usr/lib/python3.10/site-packages/variety/plugins/builtin/downloaders/RedditSource.py'
INFO: 2023-01-11 19:13:32,319: load() 'Jumble found plugin class: <class 'RedditSource.RedditSource'>: {'name': 'RedditSource', 'description': 'Configurable source for fetching images from Reddit', 'author': 'Peter Levi', 'version': '0.1'}'
INFO: 2023-01-11 19:13:32,320: _walk_modules() 'Jumble loading module in WallhavenLegacyDownloader from /usr/lib/python3.10/site-packages/variety/plugins/builtin/downloaders/WallhavenLegacyDownloader.py'
INFO: 2023-01-11 19:13:32,320: _walk_modules() 'Jumble loading module in ResizingDisplayModesPlugin from /usr/lib/python3.10/site-packages/variety/plugins/builtin/display_modes/ResizingDisplayModesPlugin.py'
INFO: 2023-01-11 19:13:32,321: load() 'Jumble found plugin class: <class 'ResizingDisplayModesPlugin.ResizingDisplayModesPlugin'>: {'name': 'ResizingDisplayModesPlugin', 'description': 'Display modes that use image resizing within Variety', 'version': '1.0', 'author': 'Peter Levi'}'
INFO: 2023-01-11 19:13:32,321: _walk_modules() 'Jumble loading module in LegacyDisplayModesPlugin from /usr/lib/python3.10/site-packages/variety/plugins/builtin/display_modes/LegacyDisplayModesPlugin.py'
INFO: 2023-01-11 19:13:32,321: load() 'Jumble found plugin class: <class 'LegacyDisplayModesPlugin.LegacyDisplayModesPlugin'>: {'name': 'LegacyDisplayModesPlugin', 'description': 'Legacy display mode for compatibility with past Variety versions', 'version': '1.0', 'author': 'Peter Levi'}'
INFO: 2023-01-11 19:13:32,321: _walk_modules() 'Jumble loading module in __init__ from /usr/lib/python3.10/site-packages/variety/plugins/builtin/display_modes/__init__.py'
INFO: 2023-01-11 19:13:32,322: _walk_modules() 'Jumble loading module in GnomeDisplayModesPlugin from /usr/lib/python3.10/site-packages/variety/plugins/builtin/display_modes/GnomeDisplayModesPlugin.py'
INFO: 2023-01-11 19:13:32,322: load() 'Jumble found plugin class: <class 'GnomeDisplayModesPlugin.GnomeDisplayModesPlugin'>: {'name': 'GnomeDisplayModesPlugin', 'description': 'Display modes relying on the underlying desktop environment', 'version': '1.0', 'author': 'Peter Levi'}'
INFO: 2023-01-11 19:13:32,322: _walk_modules() 'Jumble loading module in GoodreadsSource from /usr/lib/python3.10/site-packages/variety/plugins/builtin/quotes/GoodreadsSource.py'
INFO: 2023-01-11 19:13:32,327: load() 'Jumble found plugin class: <class 'GoodreadsSource.GoodreadsSource'>: {'name': 'Goodreads', 'description': 'Fetches quotes from Goodreads.com', 'author': 'Peter Levi', 'version': '0.1'}'
INFO: 2023-01-11 19:13:32,327: _walk_modules() 'Jumble loading module in QuotationsPageSource from /usr/lib/python3.10/site-packages/variety/plugins/builtin/quotes/QuotationsPageSource.py'
INFO: 2023-01-11 19:13:32,327: load() 'Jumble found plugin class: <class 'QuotationsPageSource.QuotationsPageSource'>: {'name': 'TheQuotationsPage.com', 'description': 'Fetches quotes from TheQuotationsPage.com', 'author': 'Peter Levi', 'version': '0.1'}'
INFO: 2023-01-11 19:13:32,328: _walk_modules() 'Jumble loading module in __init__ from /usr/lib/python3.10/site-packages/variety/plugins/builtin/quotes/__init__.py'
INFO: 2023-01-11 19:13:32,328: _walk_modules() 'Jumble loading module in UrbanDictionarySource from /usr/lib/python3.10/site-packages/variety/plugins/builtin/quotes/UrbanDictionarySource.py'
INFO: 2023-01-11 19:13:32,328: load() 'Jumble found plugin class: <class 'UrbanDictionarySource.UrbanDictionarySource'>: {'name': 'Urban Dictionary', 'description': 'Displays definitions from Urban Dictionary', 'author': 'James Miller', 'version': '0.1'}'
INFO: 2023-01-11 19:13:32,329: _walk_modules() 'Jumble loading module in LocalFilesSource from /usr/lib/python3.10/site-packages/variety/plugins/builtin/quotes/LocalFilesSource.py'
INFO: 2023-01-11 19:13:32,329: load() 'Jumble found plugin class: <class 'LocalFilesSource.LocalFilesSource'>: {'name': 'Local text files', 'description': 'Displays quotes, defined in local text files.\nPut your own txt files in: ~/.config/variety/pluginconfig/quotes/.\nThe file format is:\n\nquote -- author\n.\nsecond quote -- another author\n.\netc...\n\nExample: http://rvelthuis.de/zips/quotes.txt', 'author': 'Peter Levi', 'version': '0.1'}'
INFO: 2023-01-11 19:13:32,329: _walk_modules() 'Jumble loading module in FortuneSource from /usr/lib/python3.10/site-packages/variety/plugins/builtin/quotes/FortuneSource.py'
INFO: 2023-01-11 19:13:32,330: load() 'Jumble found plugin class: <class 'FortuneSource.FortuneSource'>: {'name': 'UNIX fortune program', 'description': 'Displays quotes using the UNIX fortune program. You may want to install additional fortune packs, e.g. fortunes-bofh-excuses.', 'author': 'Dan Jones', 'version': '0.1'}'
INFO: 2023-01-11 19:13:32,342: reload_config() 'Creating new downloader for type wallhaven, location anime girls'
INFO: 2023-01-11 19:13:32,342: reload_config() 'Creating new downloader for type wallhaven, location hanfu'
INFO: 2023-01-11 19:13:32,342: reload_config() 'Creating new downloader for type wallhaven, location video game art'
INFO: 2023-01-11 19:13:32,342: reload_config() 'Creating new downloader for type wallhaven, location ponytail'
INFO: 2023-01-11 19:13:32,342: reload_config() 'Creating new downloader for type wallhaven, location video games'
INFO: 2023-01-11 19:13:32,342: reload_config() 'Creating new downloader for type wallhaven, location digital art'
INFO: 2023-01-11 19:13:32,342: reload_config() 'Creating new downloader for type wallhaven, location fantasy girl'
INFO: 2023-01-11 19:13:32,343: log_options() 'Loaded options:'
INFO: 2023-01-11 19:13:32,343: log_options() 'change_enabled = True'
INFO: 2023-01-11 19:13:32,343: log_options() 'change_interval = 1800'
INFO: 2023-01-11 19:13:32,343: log_options() 'change_on_start = False'
INFO: 2023-01-11 19:13:32,343: log_options() 'clipboard_enabled = False'
INFO: 2023-01-11 19:13:32,343: log_options() 'clipboard_hosts = ['wallhaven.cc']'
INFO: 2023-01-11 19:13:32,343: log_options() 'clipboard_use_whitelist = True'
INFO: 2023-01-11 19:13:32,343: log_options() 'clock_date_font = Serif 30'
INFO: 2023-01-11 19:13:32,343: log_options() 'clock_enabled = False'
INFO: 2023-01-11 19:13:32,343: log_options() 'clock_filter = -density 100 -font `fc-match -f '%{file[0]}' '%CLOCK_FONT_NAME'` -pointsize %CLOCK_FONT_SIZE -gravity SouthEast -fill '#00000044' -annotate 0x0+[%HOFFSET+58]+[%VOFFSET+108] '%H:%M' -fill white -annotate 0x0+[%HOFFSET+60]+[%VOFFSET+110] '%H:%M' -font `fc-match -f '%{file[0]}' '%DATE_FONT_NAME'` -pointsize %DATE_FONT_SIZE -fill '#00000044' -annotate 0x0+[%HOFFSET+58]+[%VOFFSET+58] '%A, %B %d' -fill white -annotate 0x0+[%HOFFSET+60]+[%VOFFSET+60] '%A, %B %d''
INFO: 2023-01-11 19:13:32,343: log_options() 'clock_font = Serif 70'
INFO: 2023-01-11 19:13:32,343: log_options() 'configfile = /home/jesse/.config/variety/variety.conf'
INFO: 2023-01-11 19:13:32,343: log_options() 'copyto_enabled = False'
INFO: 2023-01-11 19:13:32,343: log_options() 'copyto_folder = Default'
INFO: 2023-01-11 19:13:32,343: log_options() 'desired_color = [160, 160, 160]'
INFO: 2023-01-11 19:13:32,343: log_options() 'desired_color_enabled = False'
INFO: 2023-01-11 19:13:32,343: log_options() 'download_folder = /home/jesse/.config/variety/Downloaded'
INFO: 2023-01-11 19:13:32,343: log_options() 'download_preference_ratio = 0.9'
INFO: 2023-01-11 19:13:32,343: log_options() 'favorites_folder = /home/jesse/.config/variety/Favorites'
INFO: 2023-01-11 19:13:32,343: log_options() 'favorites_operations = [['Downloaded', 'Copy'], ['Fetched', 'Move'], ['Others', 'Copy']]'
INFO: 2023-01-11 19:13:32,344: log_options() 'fetched_folder = /home/jesse/.config/variety/Fetched'
INFO: 2023-01-11 19:13:32,344: log_options() 'filters = [[False, 'Keep original', ''], [False, 'Grayscale', '-type Grayscale'], [False, 'Heavy blur', '-scale 20% -blur 0x10 -resize 500%'], [False, 'Soft blur', '-scale 20% -blur 0x2 -resize 500%'], [False, 'Oil painting', '-paint 8'], [False, 'Pointilism', '-spread 10 -noise 3'], [False, 'Pixellate', '-scale 3% -scale 3333%']]'
INFO: 2023-01-11 19:13:32,344: log_options() 'get_wallpaper_script = /home/jesse/.config/variety/scripts/get_wallpaper'
INFO: 2023-01-11 19:13:32,344: log_options() 'icon = Light'
INFO: 2023-01-11 19:13:32,344: log_options() 'internet_enabled = True'
INFO: 2023-01-11 19:13:32,344: log_options() 'lightness_enabled = False'
INFO: 2023-01-11 19:13:32,344: log_options() 'lightness_mode = 0'
INFO: 2023-01-11 19:13:32,344: log_options() 'min_rating = 4'
INFO: 2023-01-11 19:13:32,344: log_options() 'min_rating_enabled = False'
INFO: 2023-01-11 19:13:32,344: log_options() 'min_size = 80'
INFO: 2023-01-11 19:13:32,344: log_options() 'min_size_enabled = False'
INFO: 2023-01-11 19:13:32,344: log_options() 'quota_enabled = True'
INFO: 2023-01-11 19:13:32,344: log_options() 'quota_size = 1000'
INFO: 2023-01-11 19:13:32,344: log_options() 'quotes_authors = '
INFO: 2023-01-11 19:13:32,344: log_options() 'quotes_bg_color = [80, 80, 80]'
INFO: 2023-01-11 19:13:32,344: log_options() 'quotes_bg_opacity = 0'
INFO: 2023-01-11 19:13:32,344: log_options() 'quotes_change_enabled = True'
INFO: 2023-01-11 19:13:32,344: log_options() 'quotes_change_interval = 300'
INFO: 2023-01-11 19:13:32,344: log_options() 'quotes_disabled_sources = ['Urban Dictionary']'
INFO: 2023-01-11 19:13:32,344: log_options() 'quotes_enabled = True'
INFO: 2023-01-11 19:13:32,344: log_options() 'quotes_favorites_file = /home/jesse/.config/variety/favorite_quotes.txt'
INFO: 2023-01-11 19:13:32,344: log_options() 'quotes_font = Serif 26'
INFO: 2023-01-11 19:13:32,344: log_options() 'quotes_hpos = 0'
INFO: 2023-01-11 19:13:32,344: log_options() 'quotes_max_length = 250'
INFO: 2023-01-11 19:13:32,344: log_options() 'quotes_tags = '
INFO: 2023-01-11 19:13:32,344: log_options() 'quotes_text_color = [192, 191, 188]'
INFO: 2023-01-11 19:13:32,344: log_options() 'quotes_text_shadow = False'
INFO: 2023-01-11 19:13:32,344: log_options() 'quotes_vpos = 0'
INFO: 2023-01-11 19:13:32,344: log_options() 'quotes_width = 44'
INFO: 2023-01-11 19:13:32,344: log_options() 'safe_mode = False'
INFO: 2023-01-11 19:13:32,344: log_options() 'set_wallpaper_script = /home/jesse/.config/variety/scripts/set_wallpaper'
INFO: 2023-01-11 19:13:32,344: log_options() 'slideshow_custom_enabled = False'
INFO: 2023-01-11 19:13:32,344: log_options() 'slideshow_custom_folder = /home/jesse/Pictures'
INFO: 2023-01-11 19:13:32,344: log_options() 'slideshow_downloads_enabled = False'
INFO: 2023-01-11 19:13:32,344: log_options() 'slideshow_fade = 0.4'
INFO: 2023-01-11 19:13:32,344: log_options() 'slideshow_favorites_enabled = True'
INFO: 2023-01-11 19:13:32,344: log_options() 'slideshow_mode = Fullscreen'
INFO: 2023-01-11 19:13:32,344: log_options() 'slideshow_monitor = All'
INFO: 2023-01-11 19:13:32,344: log_options() 'slideshow_pan = 0.05'
INFO: 2023-01-11 19:13:32,344: log_options() 'slideshow_seconds = 6.0'
INFO: 2023-01-11 19:13:32,344: log_options() 'slideshow_sort_order = Random'
INFO: 2023-01-11 19:13:32,344: log_options() 'slideshow_sources_enabled = True'
INFO: 2023-01-11 19:13:32,344: log_options() 'slideshow_zoom = 0.2'
INFO: 2023-01-11 19:13:32,344: log_options() 'smart_enabled = False'
INFO: 2023-01-11 19:13:32,344: log_options() 'smart_notice_shown = False'
INFO: 2023-01-11 19:13:32,344: log_options() 'smart_register_shown = False'
INFO: 2023-01-11 19:13:32,344: log_options() 'sources = [[False, 'favorites', 'The Favorites folder'], [False, 'fetched', 'The Fetched folder'], [False, 'folder', '/usr/share/backgrounds'], [False, 'flickr', 'user:www.flickr.com/photos/peter-levi/;user_id:93647178@N00;'], [False, 'apod', "NASA's Astronomy Picture of the Day"], [False, 'bing', 'Bing Photo of the Day'], [False, 'earthview', 'Google Earth View Wallpapers'], [False, 'natgeo', "National Geographic's photo of the day"], [False, 'unsplash', 'High-resolution photos from Unsplash.com'], [True, 'wallhaven', 'anime girls'], [True, 'wallhaven', 'hanfu'], [True, 'wallhaven', 'video game art'], [True, 'wallhaven', 'ponytail'], [True, 'wallhaven', 'video games'], [True, 'wallhaven', 'digital art'], [True, 'wallhaven', 'fantasy girl']]'
INFO: 2023-01-11 19:13:32,344: log_options() 'stats_enabled = True'
INFO: 2023-01-11 19:13:32,344: log_options() 'stats_notice_shown = False'
INFO: 2023-01-11 19:13:32,344: log_options() 'sync_enabled = True'
INFO: 2023-01-11 19:13:32,344: log_options() 'use_landscape_enabled = True'
INFO: 2023-01-11 19:13:32,344: log_options() 'wallhaven_api_key = IRKYjiZHJoNcDbTyvTXn1nWlv4foYxKB'
INFO: 2023-01-11 19:13:32,344: log_options() 'wallpaper_auto_rotate = True'
INFO: 2023-01-11 19:13:32,344: log_options() 'wallpaper_display_mode = os'
INFO: 2023-01-11 19:13:32,344: reload_config() 'No need to clear prepared queue'
INFO: 2023-01-11 19:13:32,345: start() 'Starting QuotesEngine'
INFO: 2023-01-11 19:13:32,345: prepare_thread() 'Quotes prepare thread running'
INFO: 2023-01-11 19:13:32,345: prepare_thread() 'Quotes prepared buffer contains 0 quotes, fetching a quote'
INFO: 2023-01-11 19:13:32,345: get_for_search_url() 'Fetching quotes from Goodreads for search url=http://www.quotationspage.com/random.php'
INFO: 2023-01-11 19:13:32,345: regular_change_thread() 'Quotes regular change thread running'
INFO: 2023-01-11 19:13:32,345: on_options_updated() 'Quotes: clearing prepared and updating plugins'
INFO: 2023-01-11 19:13:32,345: update_indicator() 'Setting file info to: /home/jesse/.config/variety/Downloaded/wallhaven_video_game_art/wallhaven-j38ewm.jpg'
INFO: 2023-01-11 19:13:32,347: load_banned() 'Missing or invalid banned URLs list, no URLs will be banned'
INFO: 2023-01-11 19:13:32,347: load_last_change_time() 'Change interval < 6 hours, ignore persisted last_change_time, wait initially the whole interval: 1800'
INFO: 2023-01-11 19:13:32,347: update_indicator() 'Setting file info to: /home/jesse/.config/variety/Downloaded/wallhaven_video_game_art/wallhaven-j38ewm.jpg'
INFO: 2023-01-11 19:13:32,348: regular_change_thread() 'regular_change thread running'
INFO: 2023-01-11 19:13:32,348: prepare_thread() 'Prepare thread running'
INFO: 2023-01-11 19:13:32,348: prepare_thread() 'Prepared buffer contains 0 images'
INFO: 2023-01-11 19:13:32,348: prepare_thread() 'Preparing some images'
INFO: 2023-01-11 19:13:32,349: update_indicator_icon() 'Creating indicator'
WARNING: 2023-01-11 19:13:32,356: create_menu() 'Variety Slideshow is not installed. This is an optional extension adding pan-and-zoom slideshows to Variety: see https://github.com/peterlevi/variety-slideshow for details'
INFO: 2023-01-11 19:13:32,356: create_indicator() 'indicator backend: AyatanaAppIndicator3'
INFO: 2023-01-11 19:13:32,376: set_from_theme_icon() 'Showing indicator icon variety-indicator from GTK theme'
INFO: 2023-01-11 19:13:32,388: prepare_thread() 'After search prepared buffer contains 100 images'
INFO: 2023-01-11 19:13:32,448: do_set_wp() 'Calling do_set_wp with /home/jesse/.config/variety/Downloaded/wallhaven_video_game_art/wallhaven-j38ewm.jpg, time: 1673435612.4481473'
INFO: 2023-01-11 19:13:32,448: apply_auto_rotate() 'ImageMagick auto-rotate cmd: convert /home/jesse/.config/variety/Downloaded/wallhaven_video_game_art/wallhaven-j38ewm.jpg -auto-orient /home/jesse/.config/variety/wallpaper/wallpaper-auto-rotated-0bc919bd1928e8178203811f4d328b9b.jpg'
INFO: 2023-01-11 19:13:32,701: update_indicator() 'Setting file info to: /home/jesse/.config/variety/Downloaded/wallhaven_video_game_art/wallhaven-j38ewm.jpg'
INFO: 2023-01-11 19:13:32,703: list_files() 'More than 1 files in the folders, stop listing'
INFO: 2023-01-11 19:13:33,666: reload() 'Reloading preferences dialog'
INFO: 2023-01-11 19:13:34,052: get_for_search_url() 'Used QuotationsPage url http://www.quotationspage.com/random.php'
INFO: 2023-01-11 19:13:34,058: do_set_wp() 'Calling do_set_wp with /home/jesse/.config/variety/Downloaded/wallhaven_video_game_art/wallhaven-j38ewm.jpg, time: 1673435614.0581222'
INFO: 2023-01-11 19:13:34,388: trigger_download() 'Triggering download thread to check if download needed and possible'
INFO: 2023-01-11 19:13:34,719: apply_auto_rotate() 'ImageMagick auto-rotate cmd: convert /home/jesse/.config/variety/Downloaded/wallhaven_video_game_art/wallhaven-j38ewm.jpg -auto-orient /home/jesse/.config/variety/wallpaper/wallpaper-auto-rotated-0cfef6a40185f2b7846a987e0999959a.jpg'
INFO: 2023-01-11 19:13:35,007: compute_trimmed_offsets() 'Trimmed offsets debug info: w:1920, h:1080, ratio:1.777778, iw:1920, ih:1080, scw:1920, sch:1080, ho:0, vo:0'
INFO: 2023-01-11 19:13:35,052: update_indicator() 'Setting file info to: /home/jesse/.config/variety/Downloaded/wallhaven_video_game_art/wallhaven-j38ewm.jpg'
INFO: 2023-01-11 19:13:35,053: list_files() 'More than 1 files in the folders, stop listing'
INFO: 2023-01-11 19:13:36,058: prepare_thread() 'Quotes prepared buffer contains 0 quotes, fetching a quote'
INFO: 2023-01-11 19:13:36,058: get_for_keyword() 'Fetching quotes from Goodreads for keyword=power'
INFO: 2023-01-11 19:13:39,729: get_from_soup() 'Used Goodreads url https://www.goodreads.com/quotes/tag?utf8=%E2%9C%93&id=power&page=76'
INFO: 2023-01-11 19:13:41,734: prepare_thread() 'Quotes prepared buffer contains 1 quotes, fetching a quote'
WARNING: 2023-01-11 19:13:41,734: get_one_quote() 'No quotes for '' for plugin Local text files'
INFO: 2023-01-11 19:13:43,735: prepare_thread() 'Quotes prepared buffer contains 2 quotes, fetching a quote'
WARNING: 2023-01-11 19:13:43,735: get_one_quote() 'No quotes for '' for plugin Local text files'
INFO: 2023-01-11 19:13:45,737: prepare_thread() 'Quotes prepared buffer contains 3 quotes, fetching a quote'
INFO: 2023-01-11 19:13:48,350: prepare_thread() 'Quotes prepared buffer contains 4 quotes, fetching a quote'
WARNING: 2023-01-11 19:13:48,351: get_one_quote() 'No quotes for '' for plugin Local text files'
ERROR: 2023-01-11 19:13:48,351: get_one_quote() 'Exception in quote plugin'
Traceback (most recent call last):
  File "/usr/lib/python3.10/site-packages/variety/QuotesEngine.py", line 286, in get_one_quote
    quotes = plugin["plugin"].get_random()
  File "/usr/lib/python3.10/site-packages/variety/plugins/builtin/quotes/FortuneSource.py", line 48, in get_random
    fortune = subprocess.check_output(["fortune"]).decode().strip()
  File "/usr/lib/python3.10/subprocess.py", line 421, in check_output
    return run(*popenargs, stdout=PIPE, timeout=timeout, check=True,
  File "/usr/lib/python3.10/subprocess.py", line 503, in run
    with Popen(*popenargs, **kwargs) as process:
  File "/usr/lib/python3.10/subprocess.py", line 971, in __init__
    self._execute_child(args, executable, preexec_fn, close_fds,
  File "/usr/lib/python3.10/subprocess.py", line 1847, in _execute_child
    raise child_exception_type(errno_num, err_msg, err_filename)
FileNotFoundError: [Errno 2] 没有那个文件或目录: 'fortune'
INFO: 2023-01-11 19:13:50,354: prepare_thread() 'Quotes prepared buffer contains 5 quotes, fetching a quote'
ERROR: 2023-01-11 19:13:50,354: get_one_quote() 'Exception in quote plugin'
Traceback (most recent call last):
  File "/usr/lib/python3.10/site-packages/variety/QuotesEngine.py", line 286, in get_one_quote
    quotes = plugin["plugin"].get_random()
  File "/usr/lib/python3.10/site-packages/variety/plugins/builtin/quotes/FortuneSource.py", line 48, in get_random
    fortune = subprocess.check_output(["fortune"]).decode().strip()
  File "/usr/lib/python3.10/subprocess.py", line 421, in check_output
    return run(*popenargs, stdout=PIPE, timeout=timeout, check=True,
  File "/usr/lib/python3.10/subprocess.py", line 503, in run
    with Popen(*popenargs, **kwargs) as process:
  File "/usr/lib/python3.10/subprocess.py", line 971, in __init__
    self._execute_child(args, executable, preexec_fn, close_fds,
  File "/usr/lib/python3.10/subprocess.py", line 1847, in _execute_child
    raise child_exception_type(errno_num, err_msg, err_filename)
FileNotFoundError: [Errno 2] 没有那个文件或目录: 'fortune'
INFO: 2023-01-11 19:13:50,354: get_for_keyword() 'Fetching quotes from Goodreads for keyword=fiction'
INFO: 2023-01-11 19:13:52,980: server_options_thread() 'Fetching server options from http://tiny.cc/variety-options-063'
INFO: 2023-01-11 19:13:54,508: get_from_soup() 'Used Goodreads url https://www.goodreads.com/quotes/tag?utf8=%E2%9C%93&id=fiction&page=17'
INFO: 2023-01-11 19:13:54,957: server_options_thread() 'Fetched server options: {'flickr': {'min_fill_queue_interval': 1200, 'min_download_interval': 1200}, 'wallbase': {'min_fill_queue_interval': 1800, 'min_download_interval': 1800}, 'wallhaven': {'min_fill_queue_interval': 1800, 'min_download_interval': 1800}, 'wallpapers.net': {'min_fill_queue_interval': 601, 'min_download_interval': 0}, 'unsplash': {'min_fill_queue_interval': 20000000000, 'min_download_interval': 20000000000}, 'unsplash_v2': {'min_fill_queue_interval': 3600, 'min_download_interval': 1800}, 'status_message': {'0.0.1': '', '*': ''}}'
INFO: 2023-01-11 19:13:56,513: prepare_thread() 'Quotes prepared buffer contains 6 quotes, fetching a quote'
INFO: 2023-01-11 19:13:58,515: prepare_thread() 'Quotes prepared buffer contains 7 quotes, fetching a quote'
WARNING: 2023-01-11 19:13:58,516: get_one_quote() 'No quotes for '' for plugin Local text files'
INFO: 2023-01-11 19:14:00,518: prepare_thread() 'Quotes prepared buffer contains 8 quotes, fetching a quote'
INFO: 2023-01-11 19:14:02,520: prepare_thread() 'Quotes prepared buffer contains 9 quotes, fetching a quote'
INFO: 2023-01-11 19:18:34,058: regular_change_thread() 'Quotes regular_change changes quote'
INFO: 2023-01-11 19:18:34,058: prepare_thread() 'Quotes prepared buffer contains 9 quotes, fetching a quote'
INFO: 2023-01-11 19:18:34,058: do_set_wp() 'Calling do_set_wp with /home/jesse/.config/variety/Downloaded/wallhaven_video_game_art/wallhaven-j38ewm.jpg, time: 1673435914.058407'
INFO: 2023-01-11 19:18:34,058: apply_auto_rotate() 'ImageMagick auto-rotate cmd: convert /home/jesse/.config/variety/Downloaded/wallhaven_video_game_art/wallhaven-j38ewm.jpg -auto-orient /home/jesse/.config/variety/wallpaper/wallpaper-auto-rotated-a1448d0e1abc73a8c168fc2c2caddeb8.jpg'
INFO: 2023-01-11 19:18:34,349: compute_trimmed_offsets() 'Trimmed offsets debug info: w:1920, h:1080, ratio:1.777778, iw:1920, ih:1080, scw:1920, sch:1080, ho:0, vo:0'
INFO: 2023-01-11 19:18:34,373: update_indicator() 'Setting file info to: /home/jesse/.config/variety/Downloaded/wallhaven_video_game_art/wallhaven-j38ewm.jpg'
INFO: 2023-01-11 19:18:34,374: list_files() 'More than 1 files in the folders, stop listing'
INFO: 2023-01-11 19:23:34,058: regular_change_thread() 'Quotes regular_change changes quote'
INFO: 2023-01-11 19:23:34,058: do_set_wp() 'Calling do_set_wp with /home/jesse/.config/variety/Downloaded/wallhaven_video_game_art/wallhaven-j38ewm.jpg, time: 1673436214.0585206'
INFO: 2023-01-11 19:23:34,058: prepare_thread() 'Quotes prepared buffer contains 9 quotes, fetching a quote'
INFO: 2023-01-11 19:23:34,058: get_for_keyword() 'Fetching quotes from Goodreads for keyword=books'
INFO: 2023-01-11 19:23:34,059: apply_auto_rotate() 'ImageMagick auto-rotate cmd: convert /home/jesse/.config/variety/Downloaded/wallhaven_video_game_art/wallhaven-j38ewm.jpg -auto-orient /home/jesse/.config/variety/wallpaper/wallpaper-auto-rotated-c9692a04b7ff0bd7f6a44c757e7a2bdc.jpg'
INFO: 2023-01-11 19:23:34,349: compute_trimmed_offsets() 'Trimmed offsets debug info: w:1920, h:1080, ratio:1.777778, iw:1920, ih:1080, scw:1920, sch:1080, ho:0, vo:0'
INFO: 2023-01-11 19:23:34,373: update_indicator() 'Setting file info to: /home/jesse/.config/variety/Downloaded/wallhaven_video_game_art/wallhaven-j38ewm.jpg'
INFO: 2023-01-11 19:23:34,374: list_files() 'More than 1 files in the folders, stop listing'
INFO: 2023-01-11 19:23:38,147: get_from_soup() 'Used Goodreads url https://www.goodreads.com/quotes/tag?utf8=%E2%9C%93&id=books&page=40'
INFO: 2023-01-11 19:28:34,058: regular_change_thread() 'Quotes regular_change changes quote'
INFO: 2023-01-11 19:28:34,058: do_set_wp() 'Calling do_set_wp with /home/jesse/.config/variety/Downloaded/wallhaven_video_game_art/wallhaven-j38ewm.jpg, time: 1673436514.0587728'
INFO: 2023-01-11 19:28:34,058: prepare_thread() 'Quotes prepared buffer contains 9 quotes, fetching a quote'
WARNING: 2023-01-11 19:28:34,058: get_one_quote() 'No quotes for '' for plugin Local text files'
INFO: 2023-01-11 19:28:34,059: apply_auto_rotate() 'ImageMagick auto-rotate cmd: convert /home/jesse/.config/variety/Downloaded/wallhaven_video_game_art/wallhaven-j38ewm.jpg -auto-orient /home/jesse/.config/variety/wallpaper/wallpaper-auto-rotated-88770a9d30e8f73fa36cc8f69c4843c3.jpg'
INFO: 2023-01-11 19:28:34,348: compute_trimmed_offsets() 'Trimmed offsets debug info: w:1920, h:1080, ratio:1.777778, iw:1920, ih:1080, scw:1920, sch:1080, ho:0, vo:0'
INFO: 2023-01-11 19:28:34,371: update_indicator() 'Setting file info to: /home/jesse/.config/variety/Downloaded/wallhaven_video_game_art/wallhaven-j38ewm.jpg'
INFO: 2023-01-11 19:28:34,372: list_files() 'More than 1 files in the folders, stop listing'
INFO: 2023-01-11 19:33:34,058: regular_change_thread() 'Quotes regular_change changes quote'
INFO: 2023-01-11 19:33:34,058: do_set_wp() 'Calling do_set_wp with /home/jesse/.config/variety/Downloaded/wallhaven_video_game_art/wallhaven-j38ewm.jpg, time: 1673436814.0589776'
INFO: 2023-01-11 19:33:34,059: prepare_thread() 'Quotes prepared buffer contains 9 quotes, fetching a quote'
WARNING: 2023-01-11 19:33:34,059: get_one_quote() 'No quotes for '' for plugin Local text files'
INFO: 2023-01-11 19:33:34,059: apply_auto_rotate() 'ImageMagick auto-rotate cmd: convert /home/jesse/.config/variety/Downloaded/wallhaven_video_game_art/wallhaven-j38ewm.jpg -auto-orient /home/jesse/.config/variety/wallpaper/wallpaper-auto-rotated-79ee0e06486aa4fb9262cb6fc30ba72a.jpg'
INFO: 2023-01-11 19:33:34,347: compute_trimmed_offsets() 'Trimmed offsets debug info: w:1920, h:1080, ratio:1.777778, iw:1920, ih:1080, scw:1920, sch:1080, ho:0, vo:0'
INFO: 2023-01-11 19:33:34,370: update_indicator() 'Setting file info to: /home/jesse/.config/variety/Downloaded/wallhaven_video_game_art/wallhaven-j38ewm.jpg'
INFO: 2023-01-11 19:33:34,371: list_files() 'More than 1 files in the folders, stop listing'
INFO: 2023-01-11 19:38:34,058: regular_change_thread() 'Quotes regular_change changes quote'
INFO: 2023-01-11 19:38:34,059: do_set_wp() 'Calling do_set_wp with /home/jesse/.config/variety/Downloaded/wallhaven_video_game_art/wallhaven-j38ewm.jpg, time: 1673437114.0591898'
INFO: 2023-01-11 19:38:34,059: prepare_thread() 'Quotes prepared buffer contains 9 quotes, fetching a quote'
INFO: 2023-01-11 19:38:34,059: apply_auto_rotate() 'ImageMagick auto-rotate cmd: convert /home/jesse/.config/variety/Downloaded/wallhaven_video_game_art/wallhaven-j38ewm.jpg -auto-orient /home/jesse/.config/variety/wallpaper/wallpaper-auto-rotated-df0dfba17a57d904cc1f5f43d1fbbb69.jpg'
INFO: 2023-01-11 19:38:34,354: compute_trimmed_offsets() 'Trimmed offsets debug info: w:1920, h:1080, ratio:1.777778, iw:1920, ih:1080, scw:1920, sch:1080, ho:0, vo:0'
INFO: 2023-01-11 19:38:34,378: update_indicator() 'Setting file info to: /home/jesse/.config/variety/Downloaded/wallhaven_video_game_art/wallhaven-j38ewm.jpg'
INFO: 2023-01-11 19:38:34,379: list_files() 'More than 1 files in the folders, stop listing'
INFO: 2023-01-11 19:43:32,960: regular_change_thread() 'regular_change changes wallpaper'
INFO: 2023-01-11 19:43:32,960: set_wallpaper() 'Calling set_wallpaper with /home/jesse/.config/variety/Downloaded/wallhaven_anime_girls/wallhaven-x61vml.jpg'
INFO: 2023-01-11 19:43:32,960: prepare_thread() 'Prepared buffer contains 100 images'
INFO: 2023-01-11 19:43:32,960: prepare_thread() 'Quotes prepared buffer contains 9 quotes, fetching a quote'
INFO: 2023-01-11 19:43:32,961: do_set_wp() 'Calling do_set_wp with /home/jesse/.config/variety/Downloaded/wallhaven_anime_girls/wallhaven-x61vml.jpg, time: 1673437412.9614203'
INFO: 2023-01-11 19:43:32,961: apply_auto_rotate() 'ImageMagick auto-rotate cmd: convert /home/jesse/.config/variety/Downloaded/wallhaven_anime_girls/wallhaven-x61vml.jpg -auto-orient /home/jesse/.config/variety/wallpaper/wallpaper-auto-rotated-2bf3989679ca8a3469ef0afbef091b28.jpg'
INFO: 2023-01-11 19:43:33,190: compute_trimmed_offsets() 'Trimmed offsets debug info: w:1920, h:1080, ratio:1.777778, iw:1920, ih:1080, scw:1920, sch:1080, ho:0, vo:0'
INFO: 2023-01-11 19:43:33,214: update_indicator() 'Setting file info to: /home/jesse/.config/variety/Downloaded/wallhaven_anime_girls/wallhaven-x61vml.jpg'
INFO: 2023-01-11 19:43:33,215: list_files() 'More than 1 files in the folders, stop listing'
INFO: 2023-01-11 19:43:34,961: trigger_download() 'Triggering download thread to check if download needed and possible'
INFO: 2023-01-11 19:43:34,961: trigger_download() 'Triggering download thread to check if download needed and possible'
INFO: 2023-01-11 19:43:34,961: get_throttling() 'Wallhaven.cc: parsing serverside options'
INFO: 2023-01-11 19:43:34,961: get_throttling() 'Wallhaven.cc serverside options: {'min_fill_queue_interval': 1800, 'min_download_interval': 1800}'
INFO: 2023-01-11 19:43:34,961: get_throttling() 'Wallhaven.cc: parsing serverside options'
INFO: 2023-01-11 19:43:34,961: get_throttling() 'Wallhaven.cc serverside options: {'min_fill_queue_interval': 1800, 'min_download_interval': 1800}'
INFO: 2023-01-11 19:43:34,961: download_one() 'Wallhaven.cc: Downloading an image, config: anime girls'
INFO: 2023-01-11 19:43:34,961: download_one() 'Wallhaven.cc: Queue size: 0'
INFO: 2023-01-11 19:43:34,961: get_throttling() 'Wallhaven.cc: parsing serverside options'
INFO: 2023-01-11 19:43:34,961: get_throttling() 'Wallhaven.cc serverside options: {'min_fill_queue_interval': 1800, 'min_download_interval': 1800}'
INFO: 2023-01-11 19:43:34,961: download_one() 'Wallhaven.cc: Filling queue'
INFO: 2023-01-11 19:43:34,961: search() 'Performing wallhaven search: url=https://wallhaven.cc/api/v1/search?q=anime girls&categories=111&purity=100&sorting=favorites&order=desc&apikey=IRKYjiZHJoNcDbTyvTXn1nWlv4foYxKB'
INFO: 2023-01-11 19:43:36,420: fill_queue() '106155 wallpapers in result, using page 4'
INFO: 2023-01-11 19:43:36,420: search() 'Performing wallhaven search: url=https://wallhaven.cc/api/v1/search?q=anime girls&categories=111&purity=100&sorting=favorites&order=desc&apikey=IRKYjiZHJoNcDbTyvTXn1nWlv4foYxKB&page=4'
INFO: 2023-01-11 19:43:37,314: download_one() 'Wallhaven.cc: Queue populated with 19 URLs'
INFO: 2023-01-11 19:43:37,314: download_queue_item() 'Wallpaper URL: https://wallhaven.cc/w/g8g6re'
INFO: 2023-01-11 19:43:37,314: download_queue_item() 'Image src URL: https://w.wallhaven.cc/full/g8/wallhaven-g8g6re.png'
INFO: 2023-01-11 19:43:37,792: save_locally() 'Origin URL: https://wallhaven.cc/w/g8g6re'
INFO: 2023-01-11 19:43:37,792: save_locally() 'Image URL: https://w.wallhaven.cc/full/g8/wallhaven-g8g6re.png'
INFO: 2023-01-11 19:43:37,792: save_locally() 'Local path: /home/jesse/.config/variety/Downloaded/wallhaven_anime_girls/wallhaven-g8g6re.png'
INFO: 2023-01-11 19:43:38,377: save_locally() 'Download complete'
INFO: 2023-01-11 19:43:38,377: update_indicator() 'Setting file info to: /home/jesse/.config/variety/Downloaded/wallhaven_anime_girls/wallhaven-x61vml.jpg'
INFO: 2023-01-11 19:43:38,377: list_files() 'More than 1 files in the folders, stop listing'
INFO: 2023-01-11 19:43:38,378: download_one_from() 'Adding downloaded file /home/jesse/.config/variety/Downloaded/wallhaven_anime_girls/wallhaven-g8g6re.png to unseen_downloads'
INFO: 2023-01-11 19:48:32,960: regular_change_thread() 'Quotes regular_change changes quote'
INFO: 2023-01-11 19:48:32,961: do_set_wp() 'Calling do_set_wp with /home/jesse/.config/variety/Downloaded/wallhaven_anime_girls/wallhaven-x61vml.jpg, time: 1673437712.9611704'
INFO: 2023-01-11 19:48:32,961: prepare_thread() 'Quotes prepared buffer contains 9 quotes, fetching a quote'
INFO: 2023-01-11 19:48:32,961: get_for_keyword() 'Fetching quotes from Goodreads for keyword=religion'
INFO: 2023-01-11 19:48:32,962: apply_auto_rotate() 'ImageMagick auto-rotate cmd: convert /home/jesse/.config/variety/Downloaded/wallhaven_anime_girls/wallhaven-x61vml.jpg -auto-orient /home/jesse/.config/variety/wallpaper/wallpaper-auto-rotated-5e625f3366eaa091f053d4365928541e.jpg'
INFO: 2023-01-11 19:48:33,192: compute_trimmed_offsets() 'Trimmed offsets debug info: w:1920, h:1080, ratio:1.777778, iw:1920, ih:1080, scw:1920, sch:1080, ho:0, vo:0'
INFO: 2023-01-11 19:48:33,212: update_indicator() 'Setting file info to: /home/jesse/.config/variety/Downloaded/wallhaven_anime_girls/wallhaven-x61vml.jpg'
INFO: 2023-01-11 19:48:33,213: list_files() 'More than 1 files in the folders, stop listing'
INFO: 2023-01-11 19:48:37,027: get_from_soup() 'Used Goodreads url https://www.goodreads.com/quotes/tag?utf8=%E2%9C%93&id=religion&page=10'
INFO: 2023-01-11 19:53:32,961: regular_change_thread() 'Quotes regular_change changes quote'
INFO: 2023-01-11 19:53:32,961: do_set_wp() 'Calling do_set_wp with /home/jesse/.config/variety/Downloaded/wallhaven_anime_girls/wallhaven-x61vml.jpg, time: 1673438012.9616241'
INFO: 2023-01-11 19:53:32,961: prepare_thread() 'Quotes prepared buffer contains 9 quotes, fetching a quote'
INFO: 2023-01-11 19:53:32,961: apply_auto_rotate() 'ImageMagick auto-rotate cmd: convert /home/jesse/.config/variety/Downloaded/wallhaven_anime_girls/wallhaven-x61vml.jpg -auto-orient /home/jesse/.config/variety/wallpaper/wallpaper-auto-rotated-b74f30295a1107ea0b43fb827910ada6.jpg'
INFO: 2023-01-11 19:53:33,193: compute_trimmed_offsets() 'Trimmed offsets debug info: w:1920, h:1080, ratio:1.777778, iw:1920, ih:1080, scw:1920, sch:1080, ho:0, vo:0'
INFO: 2023-01-11 19:53:33,215: update_indicator() 'Setting file info to: /home/jesse/.config/variety/Downloaded/wallhaven_anime_girls/wallhaven-x61vml.jpg'
INFO: 2023-01-11 19:53:33,216: list_files() 'More than 1 files in the folders, stop listing'
INFO: 2023-01-11 19:58:32,961: regular_change_thread() 'Quotes regular_change changes quote'
INFO: 2023-01-11 19:58:32,961: do_set_wp() 'Calling do_set_wp with /home/jesse/.config/variety/Downloaded/wallhaven_anime_girls/wallhaven-x61vml.jpg, time: 1673438312.961749'
INFO: 2023-01-11 19:58:32,961: prepare_thread() 'Quotes prepared buffer contains 9 quotes, fetching a quote'
WARNING: 2023-01-11 19:58:32,961: get_one_quote() 'No quotes for '' for plugin Local text files'
INFO: 2023-01-11 19:58:32,962: apply_auto_rotate() 'ImageMagick auto-rotate cmd: convert /home/jesse/.config/variety/Downloaded/wallhaven_anime_girls/wallhaven-x61vml.jpg -auto-orient /home/jesse/.config/variety/wallpaper/wallpaper-auto-rotated-c81f4aab076dbd2a439e6cafad201be0.jpg'
INFO: 2023-01-11 19:58:33,197: compute_trimmed_offsets() 'Trimmed offsets debug info: w:1920, h:1080, ratio:1.777778, iw:1920, ih:1080, scw:1920, sch:1080, ho:0, vo:0'
INFO: 2023-01-11 19:58:33,219: update_indicator() 'Setting file info to: /home/jesse/.config/variety/Downloaded/wallhaven_anime_girls/wallhaven-x61vml.jpg'
INFO: 2023-01-11 19:58:33,220: list_files() 'More than 1 files in the folders, stop listing'
INFO: 2023-01-11 20:03:32,961: regular_change_thread() 'Quotes regular_change changes quote'
INFO: 2023-01-11 20:03:32,961: do_set_wp() 'Calling do_set_wp with /home/jesse/.config/variety/Downloaded/wallhaven_anime_girls/wallhaven-x61vml.jpg, time: 1673438612.9619825'
INFO: 2023-01-11 20:03:32,962: prepare_thread() 'Quotes prepared buffer contains 9 quotes, fetching a quote'
INFO: 2023-01-11 20:03:32,962: apply_auto_rotate() 'ImageMagick auto-rotate cmd: convert /home/jesse/.config/variety/Downloaded/wallhaven_anime_girls/wallhaven-x61vml.jpg -auto-orient /home/jesse/.config/variety/wallpaper/wallpaper-auto-rotated-5faf226e94b9a520dba139951eb3c3ab.jpg'
INFO: 2023-01-11 20:03:33,193: compute_trimmed_offsets() 'Trimmed offsets debug info: w:1920, h:1080, ratio:1.777778, iw:1920, ih:1080, scw:1920, sch:1080, ho:0, vo:0'
INFO: 2023-01-11 20:03:33,214: update_indicator() 'Setting file info to: /home/jesse/.config/variety/Downloaded/wallhaven_anime_girls/wallhaven-x61vml.jpg'
INFO: 2023-01-11 20:03:33,215: list_files() 'More than 1 files in the folders, stop listing'
INFO: 2023-01-11 20:08:32,961: regular_change_thread() 'Quotes regular_change changes quote'
INFO: 2023-01-11 20:08:32,962: do_set_wp() 'Calling do_set_wp with /home/jesse/.config/variety/Downloaded/wallhaven_anime_girls/wallhaven-x61vml.jpg, time: 1673438912.9621725'
INFO: 2023-01-11 20:08:32,962: prepare_thread() 'Quotes prepared buffer contains 9 quotes, fetching a quote'
INFO: 2023-01-11 20:08:32,962: apply_auto_rotate() 'ImageMagick auto-rotate cmd: convert /home/jesse/.config/variety/Downloaded/wallhaven_anime_girls/wallhaven-x61vml.jpg -auto-orient /home/jesse/.config/variety/wallpaper/wallpaper-auto-rotated-d51a6e5d8830eeee697872e59483781e.jpg'
INFO: 2023-01-11 20:08:33,192: compute_trimmed_offsets() 'Trimmed offsets debug info: w:1920, h:1080, ratio:1.777778, iw:1920, ih:1080, scw:1920, sch:1080, ho:0, vo:0'
INFO: 2023-01-11 20:08:33,213: update_indicator() 'Setting file info to: /home/jesse/.config/variety/Downloaded/wallhaven_anime_girls/wallhaven-x61vml.jpg'
INFO: 2023-01-11 20:08:33,214: list_files() 'More than 1 files in the folders, stop listing'
INFO: 2023-01-11 20:13:32,962: regular_change_thread() 'Quotes regular_change changes quote'
INFO: 2023-01-11 20:13:32,962: do_set_wp() 'Calling do_set_wp with /home/jesse/.config/variety/Downloaded/wallhaven_anime_girls/wallhaven-x61vml.jpg, time: 1673439212.9624114'
INFO: 2023-01-11 20:13:32,962: prepare_thread() 'Quotes prepared buffer contains 9 quotes, fetching a quote'
INFO: 2023-01-11 20:13:32,963: apply_auto_rotate() 'ImageMagick auto-rotate cmd: convert /home/jesse/.config/variety/Downloaded/wallhaven_anime_girls/wallhaven-x61vml.jpg -auto-orient /home/jesse/.config/variety/wallpaper/wallpaper-auto-rotated-ed86b091f0ec3aabe2cd5437398ac953.jpg'
ERROR: 2023-01-11 20:13:32,963: get_one_quote() 'Exception in quote plugin'
Traceback (most recent call last):
  File "/usr/lib/python3.10/site-packages/variety/QuotesEngine.py", line 286, in get_one_quote
    quotes = plugin["plugin"].get_random()
  File "/usr/lib/python3.10/site-packages/variety/plugins/builtin/quotes/FortuneSource.py", line 48, in get_random
    fortune = subprocess.check_output(["fortune"]).decode().strip()
  File "/usr/lib/python3.10/subprocess.py", line 421, in check_output
    return run(*popenargs, stdout=PIPE, timeout=timeout, check=True,
  File "/usr/lib/python3.10/subprocess.py", line 503, in run
    with Popen(*popenargs, **kwargs) as process:
  File "/usr/lib/python3.10/subprocess.py", line 971, in __init__
    self._execute_child(args, executable, preexec_fn, close_fds,
  File "/usr/lib/python3.10/subprocess.py", line 1847, in _execute_child
    raise child_exception_type(errno_num, err_msg, err_filename)
FileNotFoundError: [Errno 2] 没有那个文件或目录: 'fortune'
INFO: 2023-01-11 20:13:32,963: get_for_keyword() 'Fetching quotes from Goodreads for keyword=money'
INFO: 2023-01-11 20:13:33,193: compute_trimmed_offsets() 'Trimmed offsets debug info: w:1920, h:1080, ratio:1.777778, iw:1920, ih:1080, scw:1920, sch:1080, ho:0, vo:0'
INFO: 2023-01-11 20:13:33,214: update_indicator() 'Setting file info to: /home/jesse/.config/variety/Downloaded/wallhaven_anime_girls/wallhaven-x61vml.jpg'
INFO: 2023-01-11 20:13:33,215: list_files() 'More than 1 files in the folders, stop listing'
INFO: 2023-01-11 20:13:35,180: regular_change_thread() 'regular_change changes wallpaper'
INFO: 2023-01-11 20:13:35,181: set_wallpaper() 'Calling set_wallpaper with /home/jesse/.config/variety/Downloaded/wallhaven_video_game_art/wallhaven-49q510.jpg'
INFO: 2023-01-11 20:13:35,181: prepare_thread() 'Prepared buffer contains 100 images'
INFO: 2023-01-11 20:13:35,181: do_set_wp() 'Calling do_set_wp with /home/jesse/.config/variety/Downloaded/wallhaven_video_game_art/wallhaven-49q510.jpg, time: 1673439215.1818295'
INFO: 2023-01-11 20:13:35,231: apply_auto_rotate() 'ImageMagick auto-rotate cmd: convert /home/jesse/.config/variety/Downloaded/wallhaven_video_game_art/wallhaven-49q510.jpg -auto-orient /home/jesse/.config/variety/wallpaper/wallpaper-auto-rotated-6c081edc51db2685ef4e18d50e63fcb9.jpg'
INFO: 2023-01-11 20:13:35,281: compute_trimmed_offsets() 'Trimmed offsets debug info: w:1920, h:1080, ratio:1.777778, iw:1920, ih:1080, scw:1920, sch:1080, ho:0, vo:0'
INFO: 2023-01-11 20:13:35,301: update_indicator() 'Setting file info to: /home/jesse/.config/variety/Downloaded/wallhaven_video_game_art/wallhaven-49q510.jpg'
INFO: 2023-01-11 20:13:35,302: list_files() 'More than 1 files in the folders, stop listing'
INFO: 2023-01-11 20:13:36,554: get_from_soup() 'Used Goodreads url https://www.goodreads.com/quotes/tag?utf8=%E2%9C%93&id=money&page=1'
INFO: 2023-01-11 20:13:37,181: trigger_download() 'Triggering download thread to check if download needed and possible'
INFO: 2023-01-11 20:13:37,181: trigger_download() 'Triggering download thread to check if download needed and possible'
INFO: 2023-01-11 20:13:37,182: get_throttling() 'Wallhaven.cc: parsing serverside options'
INFO: 2023-01-11 20:13:37,182: get_throttling() 'Wallhaven.cc serverside options: {'min_fill_queue_interval': 1800, 'min_download_interval': 1800}'
INFO: 2023-01-11 20:13:37,182: get_throttling() 'Wallhaven.cc: parsing serverside options'
INFO: 2023-01-11 20:13:37,182: get_throttling() 'Wallhaven.cc serverside options: {'min_fill_queue_interval': 1800, 'min_download_interval': 1800}'
INFO: 2023-01-11 20:13:37,182: download_one() 'Wallhaven.cc: Downloading an image, config: video game art'
INFO: 2023-01-11 20:13:37,182: download_one() 'Wallhaven.cc: Queue size: 0'
INFO: 2023-01-11 20:13:37,182: get_throttling() 'Wallhaven.cc: parsing serverside options'
INFO: 2023-01-11 20:13:37,182: get_throttling() 'Wallhaven.cc serverside options: {'min_fill_queue_interval': 1800, 'min_download_interval': 1800}'
INFO: 2023-01-11 20:13:37,182: download_one() 'Wallhaven.cc: Filling queue'
INFO: 2023-01-11 20:13:37,182: search() 'Performing wallhaven search: url=https://wallhaven.cc/api/v1/search?q=video game art&categories=111&purity=100&sorting=favorites&order=desc&apikey=IRKYjiZHJoNcDbTyvTXn1nWlv4foYxKB'
INFO: 2023-01-11 20:13:38,477: fill_queue() '49661 wallpapers in result, using page 5'
INFO: 2023-01-11 20:13:38,477: search() 'Performing wallhaven search: url=https://wallhaven.cc/api/v1/search?q=video game art&categories=111&purity=100&sorting=favorites&order=desc&apikey=IRKYjiZHJoNcDbTyvTXn1nWlv4foYxKB&page=5'
INFO: 2023-01-11 20:13:38,560: prepare_thread() 'Quotes prepared buffer contains 9 quotes, fetching a quote'
INFO: 2023-01-11 20:13:39,546: download_one() 'Wallhaven.cc: Queue populated with 19 URLs'
INFO: 2023-01-11 20:13:39,546: download_queue_item() 'Wallpaper URL: https://wallhaven.cc/w/kwl5w1'
INFO: 2023-01-11 20:13:39,546: download_queue_item() 'Image src URL: https://w.wallhaven.cc/full/kw/wallhaven-kwl5w1.jpg'
INFO: 2023-01-11 20:13:40,021: save_locally() 'Origin URL: https://wallhaven.cc/w/kwl5w1'
INFO: 2023-01-11 20:13:40,021: save_locally() 'Image URL: https://w.wallhaven.cc/full/kw/wallhaven-kwl5w1.jpg'
INFO: 2023-01-11 20:13:40,021: save_locally() 'Local path: /home/jesse/.config/variety/Downloaded/wallhaven_video_game_art/wallhaven-kwl5w1.jpg'
INFO: 2023-01-11 20:13:40,683: save_locally() 'Download complete'
INFO: 2023-01-11 20:13:40,683: update_indicator() 'Setting file info to: /home/jesse/.config/variety/Downloaded/wallhaven_video_game_art/wallhaven-49q510.jpg'
INFO: 2023-01-11 20:13:40,684: list_files() 'More than 1 files in the folders, stop listing'
INFO: 2023-01-11 20:13:40,684: prepare_thread() 'Prepared buffer contains 100 images'
INFO: 2023-01-11 20:13:41,686: get_throttling() 'Wallhaven.cc: parsing serverside options'
INFO: 2023-01-11 20:13:41,686: get_throttling() 'Wallhaven.cc serverside options: {'min_fill_queue_interval': 1800, 'min_download_interval': 1800}'
INFO: 2023-01-11 20:13:41,686: get_throttling() 'Wallhaven.cc: parsing serverside options'
INFO: 2023-01-11 20:13:41,686: get_throttling() 'Wallhaven.cc serverside options: {'min_fill_queue_interval': 1800, 'min_download_interval': 1800}'
INFO: 2023-01-11 20:13:41,686: download_one() 'Wallhaven.cc: Downloading an image, config: video game art'
INFO: 2023-01-11 20:13:41,686: download_one() 'Wallhaven.cc: Queue size: 18'
INFO: 2023-01-11 20:13:41,686: download_one() 'Wallhaven.cc: Queue populated with 18 URLs'
INFO: 2023-01-11 20:13:41,686: download_queue_item() 'Wallpaper URL: https://wallhaven.cc/w/q62xpr'
INFO: 2023-01-11 20:13:41,686: download_queue_item() 'Image src URL: https://w.wallhaven.cc/full/q6/wallhaven-q62xpr.jpg'
INFO: 2023-01-11 20:13:42,316: save_locally() 'Origin URL: https://wallhaven.cc/w/q62xpr'
INFO: 2023-01-11 20:13:42,316: save_locally() 'Image URL: https://w.wallhaven.cc/full/q6/wallhaven-q62xpr.jpg'
INFO: 2023-01-11 20:13:42,316: save_locally() 'Local path: /home/jesse/.config/variety/Downloaded/wallhaven_video_game_art/wallhaven-q62xpr.jpg'
INFO: 2023-01-11 20:13:42,684: trigger_download() 'Triggering download thread to check if download needed and possible'
INFO: 2023-01-11 20:13:43,006: save_locally() 'Download complete'
INFO: 2023-01-11 20:13:43,007: update_indicator() 'Setting file info to: /home/jesse/.config/variety/Downloaded/wallhaven_video_game_art/wallhaven-49q510.jpg'
INFO: 2023-01-11 20:13:43,007: list_files() 'More than 1 files in the folders, stop listing'
INFO: 2023-01-11 20:13:43,008: download_one_from() 'Adding downloaded file /home/jesse/.config/variety/Downloaded/wallhaven_video_game_art/wallhaven-q62xpr.jpg to unseen_downloads'
INFO: 2023-01-11 20:18:35,181: regular_change_thread() 'Quotes regular_change changes quote'
INFO: 2023-01-11 20:18:35,181: do_set_wp() 'Calling do_set_wp with /home/jesse/.config/variety/Downloaded/wallhaven_video_game_art/wallhaven-49q510.jpg, time: 1673439515.1816423'
INFO: 2023-01-11 20:18:35,181: prepare_thread() 'Quotes prepared buffer contains 9 quotes, fetching a quote'
INFO: 2023-01-11 20:18:35,181: apply_auto_rotate() 'ImageMagick auto-rotate cmd: convert /home/jesse/.config/variety/Downloaded/wallhaven_video_game_art/wallhaven-49q510.jpg -auto-orient /home/jesse/.config/variety/wallpaper/wallpaper-auto-rotated-c2a463ee88cc0529b2367bd1a78c009c.jpg'
INFO: 2023-01-11 20:18:35,230: compute_trimmed_offsets() 'Trimmed offsets debug info: w:1920, h:1080, ratio:1.777778, iw:1920, ih:1080, scw:1920, sch:1080, ho:0, vo:0'
INFO: 2023-01-11 20:18:35,249: update_indicator() 'Setting file info to: /home/jesse/.config/variety/Downloaded/wallhaven_video_game_art/wallhaven-49q510.jpg'
INFO: 2023-01-11 20:18:35,250: list_files() 'More than 1 files in the folders, stop listing'
INFO: 2023-01-11 20:23:35,181: regular_change_thread() 'Quotes regular_change changes quote'
INFO: 2023-01-11 20:23:35,181: do_set_wp() 'Calling do_set_wp with /home/jesse/.config/variety/Downloaded/wallhaven_video_game_art/wallhaven-49q510.jpg, time: 1673439815.1818213'
INFO: 2023-01-11 20:23:35,181: prepare_thread() 'Quotes prepared buffer contains 9 quotes, fetching a quote'
INFO: 2023-01-11 20:23:35,182: apply_auto_rotate() 'ImageMagick auto-rotate cmd: convert /home/jesse/.config/variety/Downloaded/wallhaven_video_game_art/wallhaven-49q510.jpg -auto-orient /home/jesse/.config/variety/wallpaper/wallpaper-auto-rotated-2ebc6112f3e4219eaec0e663de272576.jpg'
INFO: 2023-01-11 20:23:35,231: compute_trimmed_offsets() 'Trimmed offsets debug info: w:1920, h:1080, ratio:1.777778, iw:1920, ih:1080, scw:1920, sch:1080, ho:0, vo:0'
INFO: 2023-01-11 20:23:35,249: update_indicator() 'Setting file info to: /home/jesse/.config/variety/Downloaded/wallhaven_video_game_art/wallhaven-49q510.jpg'
INFO: 2023-01-11 20:23:35,250: list_files() 'More than 1 files in the folders, stop listing'
